--- variables
$.hpvm16|$.Machine|$.hpvm16|-|final
	[$.hpvm16]
$.hpvm16.running|$.Boolean|true|-|notfinal
	[true,false]
$.hpvm16.nuri_latest|$.Boolean|false|-|notfinal
	[true,false]
$.hpvm16.memory_total|$.Integer|503456|-|notfinal
	[503456]
$.hpvm16.memory_free|$.Integer|145640|-|notfinal
	[145640]
$.hpvm16.os|$.String|linux|-|notfinal
	[linux]
$.hpvm16.platform|$.String|ubuntu|-|notfinal
	[ubuntu]
$.hpvm16.hostname|$.String|hpvm16|-|notfinal
	[hpvm16]
$.hpvm16.domainname|$.String|hpvm16.diy.inf.ed.ac.uk|-|notfinal
	[hpvm16.diy.inf.ed.ac.uk]
$.hpvm16.version|$.String|3.2.0-25-generic|-|notfinal
	[3.2.0-25-generic]
$.hpvm16.arch|$.String|x86_64|-|notfinal
	[x86_64]
$.hpvm16.cpus|$.Integer|1|-|notfinal
	[1]
$.hpvm16.tikiweb|$.Tikiweb|$.hpvm16.tikiweb|-|final
	[$.hpvm16.tikiweb]
$.hpvm16.tikiweb.installed|$.Boolean|false|-|notfinal
	[true,false]
$.hpvm16.tikiweb.path|$.String|/wiki|-|notfinal
	[linux,ubuntu,hpvm16,hpvm16.diy.inf.ed.ac.uk,3.2.0-25-generic,x86_64,/wiki,tikiwiki,tiki,tikipassword,,/var/www,hpvm17.diy.inf.ed.ac.uk,hpvm17,hpvm18,hpvm18.diy.inf.ed.ac.uk,hpvm20,hpvm20.diy.inf.ed.ac.uk,root]
$.hpvm16.tikiweb.webserver|$.Apache|null|-|notfinal
	[null,$.hpvm16.apache,$.hpvm17.apache,$.hpvm18.apache,$.hpvm20.apache]
$.hpvm16.tikiweb.database|$.Tikidb|null|-|notfinal
	[null,$.hpvm16.tikidb,$.hpvm17.tikidb,$.hpvm18.tikidb,$.hpvm20.tikidb]
$.hpvm16.tikidb|$.Tikidb|$.hpvm16.tikidb|-|final
	[$.hpvm16.tikidb]
$.hpvm16.tikidb.installed|$.Boolean|false|-|notfinal
	[true,false]
$.hpvm16.tikidb.db_name|$.String|tikiwiki|-|notfinal
	[linux,ubuntu,hpvm16,hpvm16.diy.inf.ed.ac.uk,3.2.0-25-generic,x86_64,/wiki,tikiwiki,tiki,tikipassword,,/var/www,hpvm17.diy.inf.ed.ac.uk,hpvm17,hpvm18,hpvm18.diy.inf.ed.ac.uk,hpvm20,hpvm20.diy.inf.ed.ac.uk,root]
$.hpvm16.tikidb.db_user|$.String|tiki|-|notfinal
	[linux,ubuntu,hpvm16,hpvm16.diy.inf.ed.ac.uk,3.2.0-25-generic,x86_64,/wiki,tikiwiki,tiki,tikipassword,,/var/www,hpvm17.diy.inf.ed.ac.uk,hpvm17,hpvm18,hpvm18.diy.inf.ed.ac.uk,hpvm20,hpvm20.diy.inf.ed.ac.uk,root]
$.hpvm16.tikidb.db_password|$.String|tikipassword|-|notfinal
	[linux,ubuntu,hpvm16,hpvm16.diy.inf.ed.ac.uk,3.2.0-25-generic,x86_64,/wiki,tikiwiki,tiki,tikipassword,,/var/www,hpvm17.diy.inf.ed.ac.uk,hpvm17,hpvm18,hpvm18.diy.inf.ed.ac.uk,hpvm20,hpvm20.diy.inf.ed.ac.uk,root]
$.hpvm16.tikidb.tikiweb|($.Tikiweb)|[]|-|notfinal
	[[],["$.hpvm17.tikiweb"]]
$.hpvm16.tikidb.database|$.Mysql|null|-|notfinal
	[null,$.hpvm16.mysql,$.hpvm17.mysql,$.hpvm18.mysql,$.hpvm20.mysql]
$.hpvm16.apachelb|$.Apachelb|$.hpvm16.apachelb|-|final
	[$.hpvm16.apachelb]
$.hpvm16.apachelb.port|$.Integer|80|-|notfinal
	[503456,145640,1,80,0,3306,220968,188464,65640]
$.hpvm16.apachelb.members|($.String)|[]|-|notfinal
	[[],["http://hpvm17.diy.inf.ed.ac.uk", "http://hpvm18.diy.inf.ed.ac.uk"]]
$.hpvm16.apachelb.server_name|$.String||-|notfinal
	[linux,ubuntu,hpvm16,hpvm16.diy.inf.ed.ac.uk,3.2.0-25-generic,x86_64,/wiki,tikiwiki,tiki,tikipassword,,/var/www,hpvm17.diy.inf.ed.ac.uk,hpvm17,hpvm18,hpvm18.diy.inf.ed.ac.uk,hpvm20,hpvm20.diy.inf.ed.ac.uk,root]
$.hpvm16.apachelb.installed|$.Boolean|false|-|notfinal
	[true,false]
$.hpvm16.apachelb.running|$.Boolean|false|-|notfinal
	[true,false]
$.hpvm16.apachelb.version|$.String||-|notfinal
	[]
$.hpvm16.apache|$.Apache|$.hpvm16.apache|-|final
	[$.hpvm16.apache]
$.hpvm16.apache.port|$.Integer|0|-|notfinal
	[503456,145640,1,80,0,3306,220968,188464,65640]
$.hpvm16.apache.document_root|$.String|/var/www|-|notfinal
	[linux,ubuntu,hpvm16,hpvm16.diy.inf.ed.ac.uk,3.2.0-25-generic,x86_64,/wiki,tikiwiki,tiki,tikipassword,,/var/www,hpvm17.diy.inf.ed.ac.uk,hpvm17,hpvm18,hpvm18.diy.inf.ed.ac.uk,hpvm20,hpvm20.diy.inf.ed.ac.uk,root]
$.hpvm16.apache.php_module|$.Boolean|false|-|notfinal
	[true,false]
$.hpvm16.apache.php_mysql_module|$.Boolean|false|-|notfinal
	[true,false]
$.hpvm16.apache.server_name|$.String||-|notfinal
	[linux,ubuntu,hpvm16,hpvm16.diy.inf.ed.ac.uk,3.2.0-25-generic,x86_64,/wiki,tikiwiki,tiki,tikipassword,,/var/www,hpvm17.diy.inf.ed.ac.uk,hpvm17,hpvm18,hpvm18.diy.inf.ed.ac.uk,hpvm20,hpvm20.diy.inf.ed.ac.uk,root]
$.hpvm16.apache.installed|$.Boolean|false|-|notfinal
	[true,false]
$.hpvm16.apache.running|$.Boolean|false|-|notfinal
	[true,false]
$.hpvm16.apache.version|$.String||-|notfinal
	[]
$.hpvm16.apache.docment_root|$.String||-|notfinal
	[]
$.hpvm16.mysql|$.Mysql|$.hpvm16.mysql|-|final
	[$.hpvm16.mysql]
$.hpvm16.mysql.port|$.Integer|3306|-|notfinal
	[503456,145640,1,80,0,3306,220968,188464,65640]
$.hpvm16.mysql.root_password|$.String||-|notfinal
	[linux,ubuntu,hpvm16,hpvm16.diy.inf.ed.ac.uk,3.2.0-25-generic,x86_64,/wiki,tikiwiki,tiki,tikipassword,,/var/www,hpvm17.diy.inf.ed.ac.uk,hpvm17,hpvm18,hpvm18.diy.inf.ed.ac.uk,hpvm20,hpvm20.diy.inf.ed.ac.uk,root]
$.hpvm16.mysql.public|$.Boolean|true|-|notfinal
	[true,false]
$.hpvm16.mysql.installed|$.Boolean|false|-|notfinal
	[true,false]
$.hpvm16.mysql.running|$.Boolean|false|-|notfinal
	[true,false]
$.hpvm16.mysql.version|$.String||-|notfinal
	[]
$.hpvm17|$.Machine|$.hpvm17|-|final
	[$.hpvm17]
$.hpvm17.tikidb|$.Tikidb|$.hpvm17.tikidb|-|final
	[$.hpvm17.tikidb]
$.hpvm17.tikidb.tikiweb|($.Tikiweb)|[]|-|notfinal
	[[],["$.hpvm17.tikiweb"]]
$.hpvm17.tikidb.db_name|$.String|tikiwiki|-|notfinal
	[linux,ubuntu,hpvm16,hpvm16.diy.inf.ed.ac.uk,3.2.0-25-generic,x86_64,/wiki,tikiwiki,tiki,tikipassword,,/var/www,hpvm17.diy.inf.ed.ac.uk,hpvm17,hpvm18,hpvm18.diy.inf.ed.ac.uk,hpvm20,hpvm20.diy.inf.ed.ac.uk,root]
$.hpvm17.tikidb.db_user|$.String|tiki|-|notfinal
	[linux,ubuntu,hpvm16,hpvm16.diy.inf.ed.ac.uk,3.2.0-25-generic,x86_64,/wiki,tikiwiki,tiki,tikipassword,,/var/www,hpvm17.diy.inf.ed.ac.uk,hpvm17,hpvm18,hpvm18.diy.inf.ed.ac.uk,hpvm20,hpvm20.diy.inf.ed.ac.uk,root]
$.hpvm17.tikidb.database|$.Mysql|null|-|notfinal
	[null,$.hpvm16.mysql,$.hpvm17.mysql,$.hpvm18.mysql,$.hpvm20.mysql]
$.hpvm17.tikidb.installed|$.Boolean|false|-|notfinal
	[true,false]
$.hpvm17.tikidb.db_password|$.String|tikipassword|-|notfinal
	[linux,ubuntu,hpvm16,hpvm16.diy.inf.ed.ac.uk,3.2.0-25-generic,x86_64,/wiki,tikiwiki,tiki,tikipassword,,/var/www,hpvm17.diy.inf.ed.ac.uk,hpvm17,hpvm18,hpvm18.diy.inf.ed.ac.uk,hpvm20,hpvm20.diy.inf.ed.ac.uk,root]
$.hpvm17.memory_total|$.Integer|503456|-|notfinal
	[503456]
$.hpvm17.platform|$.String|ubuntu|-|notfinal
	[ubuntu]
$.hpvm17.cpus|$.Integer|1|-|notfinal
	[1]
$.hpvm17.tikiweb|$.Tikiweb|$.hpvm17.tikiweb|-|final
	[$.hpvm17.tikiweb]
$.hpvm17.tikiweb.path|$.String|/wiki|-|notfinal
	[linux,ubuntu,hpvm16,hpvm16.diy.inf.ed.ac.uk,3.2.0-25-generic,x86_64,/wiki,tikiwiki,tiki,tikipassword,,/var/www,hpvm17.diy.inf.ed.ac.uk,hpvm17,hpvm18,hpvm18.diy.inf.ed.ac.uk,hpvm20,hpvm20.diy.inf.ed.ac.uk,root]
$.hpvm17.tikiweb.database|$.Tikidb|$.hpvm16.tikidb|-|notfinal
	[null,$.hpvm16.tikidb,$.hpvm17.tikidb,$.hpvm18.tikidb,$.hpvm20.tikidb]
$.hpvm17.tikiweb.installed|$.Boolean|false|-|notfinal
	[true,false]
$.hpvm17.tikiweb.webserver|$.Apache|$.hpvm17.apache|-|notfinal
	[null,$.hpvm16.apache,$.hpvm17.apache,$.hpvm18.apache,$.hpvm20.apache]
$.hpvm17.nuri_latest|$.Boolean|false|-|notfinal
	[true,false]
$.hpvm17.memory_free|$.Integer|220968|-|notfinal
	[220968]
$.hpvm17.apache|$.Apache|$.hpvm17.apache|-|final
	[$.hpvm17.apache]
$.hpvm17.apache.server_name|$.String||-|notfinal
	[linux,ubuntu,hpvm16,hpvm16.diy.inf.ed.ac.uk,3.2.0-25-generic,x86_64,/wiki,tikiwiki,tiki,tikipassword,,/var/www,hpvm17.diy.inf.ed.ac.uk,hpvm17,hpvm18,hpvm18.diy.inf.ed.ac.uk,hpvm20,hpvm20.diy.inf.ed.ac.uk,root]
$.hpvm17.apache.php_mysql_module|$.Boolean|false|-|notfinal
	[true,false]
$.hpvm17.apache.port|$.Integer|0|-|notfinal
	[503456,145640,1,80,0,3306,220968,188464,65640]
$.hpvm17.apache.installed|$.Boolean|false|-|notfinal
	[true,false]
$.hpvm17.apache.docment_root|$.String||-|notfinal
	[]
$.hpvm17.apache.php_module|$.Boolean|false|-|notfinal
	[true,false]
$.hpvm17.apache.running|$.Boolean|false|-|notfinal
	[true,false]
$.hpvm17.apache.document_root|$.String|/var/www|-|notfinal
	[linux,ubuntu,hpvm16,hpvm16.diy.inf.ed.ac.uk,3.2.0-25-generic,x86_64,/wiki,tikiwiki,tiki,tikipassword,,/var/www,hpvm17.diy.inf.ed.ac.uk,hpvm17,hpvm18,hpvm18.diy.inf.ed.ac.uk,hpvm20,hpvm20.diy.inf.ed.ac.uk,root]
$.hpvm17.apache.version|$.String||-|notfinal
	[]
$.hpvm17.domainname|$.String|hpvm17.diy.inf.ed.ac.uk|-|notfinal
	[hpvm17.diy.inf.ed.ac.uk]
$.hpvm17.mysql|$.Mysql|$.hpvm17.mysql|-|final
	[$.hpvm17.mysql]
$.hpvm17.mysql.port|$.Integer|3306|-|notfinal
	[503456,145640,1,80,0,3306,220968,188464,65640]
$.hpvm17.mysql.public|$.Boolean|false|-|notfinal
	[true,false]
$.hpvm17.mysql.installed|$.Boolean|false|-|notfinal
	[true,false]
$.hpvm17.mysql.root_password|$.String||-|notfinal
	[linux,ubuntu,hpvm16,hpvm16.diy.inf.ed.ac.uk,3.2.0-25-generic,x86_64,/wiki,tikiwiki,tiki,tikipassword,,/var/www,hpvm17.diy.inf.ed.ac.uk,hpvm17,hpvm18,hpvm18.diy.inf.ed.ac.uk,hpvm20,hpvm20.diy.inf.ed.ac.uk,root]
$.hpvm17.mysql.running|$.Boolean|false|-|notfinal
	[true,false]
$.hpvm17.mysql.version|$.String||-|notfinal
	[]
$.hpvm17.arch|$.String|x86_64|-|notfinal
	[x86_64]
$.hpvm17.os|$.String|linux|-|notfinal
	[linux]
$.hpvm17.running|$.Boolean|true|-|notfinal
	[true,false]
$.hpvm17.hostname|$.String|hpvm17|-|notfinal
	[hpvm17]
$.hpvm17.version|$.String|3.2.0-25-generic|-|notfinal
	[3.2.0-25-generic]
$.hpvm17.apachelb|$.Apachelb|$.hpvm17.apachelb|-|final
	[$.hpvm17.apachelb]
$.hpvm17.apachelb.server_name|$.String||-|notfinal
	[linux,ubuntu,hpvm16,hpvm16.diy.inf.ed.ac.uk,3.2.0-25-generic,x86_64,/wiki,tikiwiki,tiki,tikipassword,,/var/www,hpvm17.diy.inf.ed.ac.uk,hpvm17,hpvm18,hpvm18.diy.inf.ed.ac.uk,hpvm20,hpvm20.diy.inf.ed.ac.uk,root]
$.hpvm17.apachelb.port|$.Integer|80|-|notfinal
	[503456,145640,1,80,0,3306,220968,188464,65640]
$.hpvm17.apachelb.installed|$.Boolean|false|-|notfinal
	[true,false]
$.hpvm17.apachelb.members|($.String)|[]|-|notfinal
	[[],["http://hpvm17.diy.inf.ed.ac.uk", "http://hpvm18.diy.inf.ed.ac.uk"]]
$.hpvm17.apachelb.running|$.Boolean|false|-|notfinal
	[true,false]
$.hpvm17.apachelb.version|$.String||-|notfinal
	[]
$.hpvm18|$.Machine|$.hpvm18|-|final
	[$.hpvm18]
$.hpvm18.apache|$.Apache|$.hpvm18.apache|-|final
	[$.hpvm18.apache]
$.hpvm18.apache.port|$.Integer|80|-|notfinal
	[503456,145640,1,80,0,3306,220968,188464,65640]
$.hpvm18.apache.version|$.String||-|notfinal
	[]
$.hpvm18.apache.server_name|$.String||-|notfinal
	[linux,ubuntu,hpvm16,hpvm16.diy.inf.ed.ac.uk,3.2.0-25-generic,x86_64,/wiki,tikiwiki,tiki,tikipassword,,/var/www,hpvm17.diy.inf.ed.ac.uk,hpvm17,hpvm18,hpvm18.diy.inf.ed.ac.uk,hpvm20,hpvm20.diy.inf.ed.ac.uk,root]
$.hpvm18.apache.php_module|$.Boolean|false|-|notfinal
	[true,false]
$.hpvm18.apache.document_root|$.String|/var/www|-|notfinal
	[linux,ubuntu,hpvm16,hpvm16.diy.inf.ed.ac.uk,3.2.0-25-generic,x86_64,/wiki,tikiwiki,tiki,tikipassword,,/var/www,hpvm17.diy.inf.ed.ac.uk,hpvm17,hpvm18,hpvm18.diy.inf.ed.ac.uk,hpvm20,hpvm20.diy.inf.ed.ac.uk,root]
$.hpvm18.apache.installed|$.Boolean|false|-|notfinal
	[true,false]
$.hpvm18.apache.running|$.Boolean|false|-|notfinal
	[true,false]
$.hpvm18.apache.php_mysql_module|$.Boolean|false|-|notfinal
	[true,false]
$.hpvm18.version|$.String|3.2.0-25-generic|-|notfinal
	[3.2.0-25-generic]
$.hpvm18.apachelb|$.Apachelb|$.hpvm18.apachelb|-|final
	[$.hpvm18.apachelb]
$.hpvm18.apachelb.port|$.Integer|80|-|notfinal
	[503456,145640,1,80,0,3306,220968,188464,65640]
$.hpvm18.apachelb.version|$.String||-|notfinal
	[]
$.hpvm18.apachelb.server_name|$.String||-|notfinal
	[linux,ubuntu,hpvm16,hpvm16.diy.inf.ed.ac.uk,3.2.0-25-generic,x86_64,/wiki,tikiwiki,tiki,tikipassword,,/var/www,hpvm17.diy.inf.ed.ac.uk,hpvm17,hpvm18,hpvm18.diy.inf.ed.ac.uk,hpvm20,hpvm20.diy.inf.ed.ac.uk,root]
$.hpvm18.apachelb.members|($.String)|[]|-|notfinal
	[[],["http://hpvm17.diy.inf.ed.ac.uk", "http://hpvm18.diy.inf.ed.ac.uk"]]
$.hpvm18.apachelb.installed|$.Boolean|false|-|notfinal
	[true,false]
$.hpvm18.apachelb.running|$.Boolean|false|-|notfinal
	[true,false]
$.hpvm18.cpus|$.Integer|1|-|notfinal
	[1]
$.hpvm18.mysql|$.Mysql|$.hpvm18.mysql|-|final
	[$.hpvm18.mysql]
$.hpvm18.mysql.port|$.Integer|3306|-|notfinal
	[503456,145640,1,80,0,3306,220968,188464,65640]
$.hpvm18.mysql.version|$.String||-|notfinal
	[]
$.hpvm18.mysql.public|$.Boolean|false|-|notfinal
	[true,false]
$.hpvm18.mysql.installed|$.Boolean|false|-|notfinal
	[true,false]
$.hpvm18.mysql.root_password|$.String||-|notfinal
	[linux,ubuntu,hpvm16,hpvm16.diy.inf.ed.ac.uk,3.2.0-25-generic,x86_64,/wiki,tikiwiki,tiki,tikipassword,,/var/www,hpvm17.diy.inf.ed.ac.uk,hpvm17,hpvm18,hpvm18.diy.inf.ed.ac.uk,hpvm20,hpvm20.diy.inf.ed.ac.uk,root]
$.hpvm18.mysql.running|$.Boolean|false|-|notfinal
	[true,false]
$.hpvm18.memory_total|$.Integer|503456|-|notfinal
	[503456]
$.hpvm18.hostname|$.String|hpvm18|-|notfinal
	[hpvm18]
$.hpvm18.tikidb|$.Tikidb|$.hpvm18.tikidb|-|final
	[$.hpvm18.tikidb]
$.hpvm18.tikidb.database|$.Mysql|null|-|notfinal
	[null,$.hpvm16.mysql,$.hpvm17.mysql,$.hpvm18.mysql,$.hpvm20.mysql]
$.hpvm18.tikidb.db_name|$.String|tikiwiki|-|notfinal
	[linux,ubuntu,hpvm16,hpvm16.diy.inf.ed.ac.uk,3.2.0-25-generic,x86_64,/wiki,tikiwiki,tiki,tikipassword,,/var/www,hpvm17.diy.inf.ed.ac.uk,hpvm17,hpvm18,hpvm18.diy.inf.ed.ac.uk,hpvm20,hpvm20.diy.inf.ed.ac.uk,root]
$.hpvm18.tikidb.db_user|$.String|tiki|-|notfinal
	[linux,ubuntu,hpvm16,hpvm16.diy.inf.ed.ac.uk,3.2.0-25-generic,x86_64,/wiki,tikiwiki,tiki,tikipassword,,/var/www,hpvm17.diy.inf.ed.ac.uk,hpvm17,hpvm18,hpvm18.diy.inf.ed.ac.uk,hpvm20,hpvm20.diy.inf.ed.ac.uk,root]
$.hpvm18.tikidb.tikiweb|($.Tikiweb)|[]|-|notfinal
	[[],["$.hpvm17.tikiweb"]]
$.hpvm18.tikidb.installed|$.Boolean|false|-|notfinal
	[true,false]
$.hpvm18.tikidb.db_password|$.String|tikipassword|-|notfinal
	[linux,ubuntu,hpvm16,hpvm16.diy.inf.ed.ac.uk,3.2.0-25-generic,x86_64,/wiki,tikiwiki,tiki,tikipassword,,/var/www,hpvm17.diy.inf.ed.ac.uk,hpvm17,hpvm18,hpvm18.diy.inf.ed.ac.uk,hpvm20,hpvm20.diy.inf.ed.ac.uk,root]
$.hpvm18.memory_free|$.Integer|188464|-|notfinal
	[188464]
$.hpvm18.arch|$.String|x86_64|-|notfinal
	[x86_64]
$.hpvm18.tikiweb|$.Tikiweb|$.hpvm18.tikiweb|-|final
	[$.hpvm18.tikiweb]
$.hpvm18.tikiweb.database|$.Tikidb|null|-|notfinal
	[null,$.hpvm16.tikidb,$.hpvm17.tikidb,$.hpvm18.tikidb,$.hpvm20.tikidb]
$.hpvm18.tikiweb.webserver|$.Apache|null|-|notfinal
	[null,$.hpvm16.apache,$.hpvm17.apache,$.hpvm18.apache,$.hpvm20.apache]
$.hpvm18.tikiweb.installed|$.Boolean|false|-|notfinal
	[true,false]
$.hpvm18.tikiweb.path|$.String|/wiki|-|notfinal
	[linux,ubuntu,hpvm16,hpvm16.diy.inf.ed.ac.uk,3.2.0-25-generic,x86_64,/wiki,tikiwiki,tiki,tikipassword,,/var/www,hpvm17.diy.inf.ed.ac.uk,hpvm17,hpvm18,hpvm18.diy.inf.ed.ac.uk,hpvm20,hpvm20.diy.inf.ed.ac.uk,root]
$.hpvm18.os|$.String|linux|-|notfinal
	[linux]
$.hpvm18.domainname|$.String|hpvm18.diy.inf.ed.ac.uk|-|notfinal
	[hpvm18.diy.inf.ed.ac.uk]
$.hpvm18.running|$.Boolean|true|-|notfinal
	[true,false]
$.hpvm18.platform|$.String|ubuntu|-|notfinal
	[ubuntu]
$.hpvm18.nuri_latest|$.Boolean|false|-|notfinal
	[true,false]
$.hpvm20|$.Machine|$.hpvm20|-|final
	[$.hpvm20]
$.hpvm20.mysql|$.Mysql|$.hpvm20.mysql|-|final
	[$.hpvm20.mysql]
$.hpvm20.mysql.public|$.Boolean|false|-|notfinal
	[true,false]
$.hpvm20.mysql.root_password|$.String||-|notfinal
	[linux,ubuntu,hpvm16,hpvm16.diy.inf.ed.ac.uk,3.2.0-25-generic,x86_64,/wiki,tikiwiki,tiki,tikipassword,,/var/www,hpvm17.diy.inf.ed.ac.uk,hpvm17,hpvm18,hpvm18.diy.inf.ed.ac.uk,hpvm20,hpvm20.diy.inf.ed.ac.uk,root]
$.hpvm20.mysql.port|$.Integer|0|-|notfinal
	[503456,145640,1,80,0,3306,220968,188464,65640]
$.hpvm20.mysql.version|$.String||-|notfinal
	[]
$.hpvm20.mysql.installed|$.Boolean|false|-|notfinal
	[true,false]
$.hpvm20.mysql.running|$.Boolean|false|-|notfinal
	[true,false]
$.hpvm20.apache|$.Apache|$.hpvm20.apache|-|final
	[$.hpvm20.apache]
$.hpvm20.apache.php_mysql_module|$.Boolean|false|-|notfinal
	[true,false]
$.hpvm20.apache.php_module|$.Boolean|false|-|notfinal
	[true,false]
$.hpvm20.apache.port|$.Integer|0|-|notfinal
	[503456,145640,1,80,0,3306,220968,188464,65640]
$.hpvm20.apache.document_root|$.String|/var/www|-|notfinal
	[linux,ubuntu,hpvm16,hpvm16.diy.inf.ed.ac.uk,3.2.0-25-generic,x86_64,/wiki,tikiwiki,tiki,tikipassword,,/var/www,hpvm17.diy.inf.ed.ac.uk,hpvm17,hpvm18,hpvm18.diy.inf.ed.ac.uk,hpvm20,hpvm20.diy.inf.ed.ac.uk,root]
$.hpvm20.apache.docment_root|$.String||-|notfinal
	[]
$.hpvm20.apache.version|$.String||-|notfinal
	[]
$.hpvm20.apache.installed|$.Boolean|false|-|notfinal
	[true,false]
$.hpvm20.apache.running|$.Boolean|false|-|notfinal
	[true,false]
$.hpvm20.apache.server_name|$.String||-|notfinal
	[linux,ubuntu,hpvm16,hpvm16.diy.inf.ed.ac.uk,3.2.0-25-generic,x86_64,/wiki,tikiwiki,tiki,tikipassword,,/var/www,hpvm17.diy.inf.ed.ac.uk,hpvm17,hpvm18,hpvm18.diy.inf.ed.ac.uk,hpvm20,hpvm20.diy.inf.ed.ac.uk,root]
$.hpvm20.apachelb|$.Apachelb|$.hpvm20.apachelb|-|final
	[$.hpvm20.apachelb]
$.hpvm20.apachelb.port|$.Integer|80|-|notfinal
	[503456,145640,1,80,0,3306,220968,188464,65640]
$.hpvm20.apachelb.members|($.String)|[]|-|notfinal
	[[],["http://hpvm17.diy.inf.ed.ac.uk", "http://hpvm18.diy.inf.ed.ac.uk"]]
$.hpvm20.apachelb.version|$.String||-|notfinal
	[]
$.hpvm20.apachelb.installed|$.Boolean|false|-|notfinal
	[true,false]
$.hpvm20.apachelb.running|$.Boolean|false|-|notfinal
	[true,false]
$.hpvm20.apachelb.server_name|$.String||-|notfinal
	[linux,ubuntu,hpvm16,hpvm16.diy.inf.ed.ac.uk,3.2.0-25-generic,x86_64,/wiki,tikiwiki,tiki,tikipassword,,/var/www,hpvm17.diy.inf.ed.ac.uk,hpvm17,hpvm18,hpvm18.diy.inf.ed.ac.uk,hpvm20,hpvm20.diy.inf.ed.ac.uk,root]
$.hpvm20.memory_free|$.Integer|65640|-|notfinal
	[65640]
$.hpvm20.platform|$.String|ubuntu|-|notfinal
	[ubuntu]
$.hpvm20.hostname|$.String|hpvm20|-|notfinal
	[hpvm20]
$.hpvm20.cpus|$.Integer|1|-|notfinal
	[1]
$.hpvm20.tikidb|$.Tikidb|$.hpvm20.tikidb|-|final
	[$.hpvm20.tikidb]
$.hpvm20.tikidb.database|$.Mysql|null|-|notfinal
	[null,$.hpvm16.mysql,$.hpvm17.mysql,$.hpvm18.mysql,$.hpvm20.mysql]
$.hpvm20.tikidb.db_name|$.String|tikiwiki|-|notfinal
	[linux,ubuntu,hpvm16,hpvm16.diy.inf.ed.ac.uk,3.2.0-25-generic,x86_64,/wiki,tikiwiki,tiki,tikipassword,,/var/www,hpvm17.diy.inf.ed.ac.uk,hpvm17,hpvm18,hpvm18.diy.inf.ed.ac.uk,hpvm20,hpvm20.diy.inf.ed.ac.uk,root]
$.hpvm20.tikidb.db_user|$.String|tiki|-|notfinal
	[linux,ubuntu,hpvm16,hpvm16.diy.inf.ed.ac.uk,3.2.0-25-generic,x86_64,/wiki,tikiwiki,tiki,tikipassword,,/var/www,hpvm17.diy.inf.ed.ac.uk,hpvm17,hpvm18,hpvm18.diy.inf.ed.ac.uk,hpvm20,hpvm20.diy.inf.ed.ac.uk,root]
$.hpvm20.tikidb.tikiweb|($.Tikiweb)|[]|-|notfinal
	[[],["$.hpvm17.tikiweb"]]
$.hpvm20.tikidb.db_password|$.String|tikipassword|-|notfinal
	[linux,ubuntu,hpvm16,hpvm16.diy.inf.ed.ac.uk,3.2.0-25-generic,x86_64,/wiki,tikiwiki,tiki,tikipassword,,/var/www,hpvm17.diy.inf.ed.ac.uk,hpvm17,hpvm18,hpvm18.diy.inf.ed.ac.uk,hpvm20,hpvm20.diy.inf.ed.ac.uk,root]
$.hpvm20.tikidb.installed|$.Boolean|false|-|notfinal
	[true,false]
$.hpvm20.memory_total|$.Integer|503456|-|notfinal
	[503456]
$.hpvm20.os|$.String|linux|-|notfinal
	[linux]
$.hpvm20.domainname|$.String|hpvm20.diy.inf.ed.ac.uk|-|notfinal
	[hpvm20.diy.inf.ed.ac.uk]
$.hpvm20.version|$.String|3.2.0-25-generic|-|notfinal
	[3.2.0-25-generic]
$.hpvm20.running|$.Boolean|true|-|notfinal
	[true,false]
$.hpvm20.arch|$.String|x86_64|-|notfinal
	[x86_64]
$.hpvm20.tikiweb|$.Tikiweb|$.hpvm20.tikiweb|-|final
	[$.hpvm20.tikiweb]
$.hpvm20.tikiweb.database|$.Tikidb|null|-|notfinal
	[null,$.hpvm16.tikidb,$.hpvm17.tikidb,$.hpvm18.tikidb,$.hpvm20.tikidb]
$.hpvm20.tikiweb.path|$.String|/wiki|-|notfinal
	[linux,ubuntu,hpvm16,hpvm16.diy.inf.ed.ac.uk,3.2.0-25-generic,x86_64,/wiki,tikiwiki,tiki,tikipassword,,/var/www,hpvm17.diy.inf.ed.ac.uk,hpvm17,hpvm18,hpvm18.diy.inf.ed.ac.uk,hpvm20,hpvm20.diy.inf.ed.ac.uk,root]
$.hpvm20.tikiweb.webserver|$.Apache|null|-|notfinal
	[null,$.hpvm16.apache,$.hpvm17.apache,$.hpvm18.apache,$.hpvm20.apache]
$.hpvm20.tikiweb.installed|$.Boolean|false|-|notfinal
	[true,false]
$.hpvm20.nuri_latest|$.Boolean|false|-|notfinal
	[true,false]
--- types
$.Boolean: true false | 2
$.Integer: 503456 145640 1 80 0 3306 220968 188464 65640 | 9
$.String: linux ubuntu hpvm16 hpvm16.diy.inf.ed.ac.uk 3.2.0-25-generic x86_64 /wiki tikiwiki tiki tikipassword  /var/www hpvm17.diy.inf.ed.ac.uk hpvm17 hpvm18 hpvm18.diy.inf.ed.ac.uk hpvm20 hpvm20.diy.inf.ed.ac.uk root | 19
$.Machine: null $.hpvm16 $.hpvm17 $.hpvm18 $.hpvm20 | 5
$.Tikiweb: null $.hpvm16.tikiweb $.hpvm17.tikiweb $.hpvm18.tikiweb $.hpvm20.tikiweb | 5
$.Apache: null $.hpvm16.apache $.hpvm17.apache $.hpvm18.apache $.hpvm20.apache | 5
$.Tikidb: null $.hpvm16.tikidb $.hpvm17.tikidb $.hpvm18.tikidb $.hpvm20.tikidb | 5
($.Tikiweb): [] ["$.hpvm17.tikiweb"] | 2
$.Mysql: null $.hpvm16.mysql $.hpvm17.mysql $.hpvm18.mysql $.hpvm20.mysql | 5
$.Service: null $.hpvm16.apachelb $.hpvm16.apache $.hpvm16.mysql $.hpvm17.apache $.hpvm17.mysql $.hpvm17.apachelb $.hpvm18.apache $.hpvm18.apachelb $.hpvm18.mysql $.hpvm20.mysql $.hpvm20.apache $.hpvm20.apachelb | 13
$.Apachelb: null $.hpvm16.apachelb $.hpvm17.apachelb $.hpvm18.apachelb $.hpvm20.apachelb | 5
($.String): [] ["http://hpvm17.diy.inf.ed.ac.uk", "http://hpvm18.diy.inf.ed.ac.uk"] | 2
process goal
...finish
process global constriant
...finish
process sometime
...finish
process procedures
...finish
Simplifying transitions... done!
Conducting best first search with reopening closed nodes, (real) bound = 2147483647
Initializing landmark cut heuristic...
f = 26 [1 evaluated, 0 expanded, t=0.06s]
Best heuristic value: 26 [g=0, 1 evaluated, 0 expanded, t=0.06s]
Best heuristic value: 25 [g=1, 163 evaluated, 2 expanded, t=0.16s]
Best heuristic value: 24 [g=1, 465 evaluated, 2 expanded, t=0.36s]
Best heuristic value: 23 [g=2, 477 evaluated, 4 expanded, t=0.38s]
Best heuristic value: 22 [g=3, 975 evaluated, 13 expanded, t=0.68s]
Best heuristic value: 21 [g=3, 1336 evaluated, 13 expanded, t=0.9s]
Best heuristic value: 20 [g=4, 1467 evaluated, 15 expanded, t=0.96s]
Best heuristic value: 19 [g=5, 2102 evaluated, 21 expanded, t=1.32s]
Best heuristic value: 18 [g=6, 2418 evaluated, 26 expanded, t=1.48s]
Best heuristic value: 17 [g=7, 2570 evaluated, 31 expanded, t=1.56s]
Best heuristic value: 16 [g=8, 2725 evaluated, 36 expanded, t=1.62s]
Best heuristic value: 15 [g=9, 2858 evaluated, 40 expanded, t=1.68s]
Best heuristic value: 14 [g=10, 2991 evaluated, 43 expanded, t=1.74s]
Best heuristic value: 13 [g=11, 3078 evaluated, 45 expanded, t=1.78s]
Best heuristic value: 12 [g=12, 3224 evaluated, 48 expanded, t=1.84s]
Best heuristic value: 11 [g=14, 37377 evaluated, 399 expanded, t=17.2s]
Best heuristic value: 10 [g=14, 37478 evaluated, 399 expanded, t=17.22s]
Best heuristic value: 9 [g=15, 37529 evaluated, 401 expanded, t=17.24s]
Best heuristic value: 8 [g=16, 37757 evaluated, 405 expanded, t=17.32s]
Best heuristic value: 7 [g=17, 38021 evaluated, 408 expanded, t=17.38s]
Best heuristic value: 6 [g=19, 296483 evaluated, 3983 expanded, t=93.74s]
Best heuristic value: 5 [g=20, 296677 evaluated, 3986 expanded, t=93.78s]
Best heuristic value: 4 [g=22, 10204591 evaluated, 157511 expanded, 256 reopened, t=3915.68s]
Best heuristic value: 3 [g=23, 10204750 evaluated, 157514 expanded, 256 reopened, t=3915.72s]
Best heuristic value: 2 [g=24, 10204889 evaluated, 157517 expanded, 256 reopened, t=3915.74s]
Best heuristic value: 1 [g=25, 10205098 evaluated, 157520 expanded, 256 reopened, t=3915.76s]
Best heuristic value: 0 [g=26, 10205206 evaluated, 157523 expanded, 256 reopened, t=3915.78s]
Solution found!
Actual search time: 3915.72s [t=3915.78s]
op_1-globalop-0 (0)
op_558$.hpvm16.mysql.install (1)
op_3-globalop-0 (0)
op_560$.hpvm16.mysql.start (1)
op_3-globalop-0 (0)
op_417$.hpvm16.tikidb.set_database $.db=$.hpvm16.mysql (1)
op_3-globalop-0 (0)
op_555$.hpvm16.mysql.set_root_password $.passwd=root (1)
op_3-globalop-0 (0)
op_216$.hpvm16.tikidb.set_account $.user=tiki $.passwd=tiki (1)
op_3-globalop-0 (0)
op_440$.hpvm16.tikidb.install (1)
op_3-globalop-0 (0)
op_55$.hpvm16.tikidb.set_tikiweb $.webs=["$.hpvm17.tikiweb"] (1)
op_3-globalop-0 (0)
op_1678$.hpvm18.tikiweb.set_database $.db=$.hpvm16.tikidb (1)
op_3-globalop-0 (0)
op_1703$.hpvm18.tikiweb.set_webserver $.ws=$.hpvm18.apache (1)
op_3-globalop-0 (0)
op_1802$.hpvm20.apachelb.install (1)
op_3-globalop-0 (0)
op_1798$.hpvm20.apachelb.set_members $.members=["http://hpvm17.diy.inf.ed.ac.uk", "http://hpvm18.diy.inf.ed.ac.uk"] (1)
op_3-globalop-0 (0)
op_1829$.hpvm20.apachelb.set_server_name $.name=hpvm20.diy.inf.ed.ac.uk (1)
op_3-globalop-0 (0)
op_1058$.hpvm17.apache.install (1)
op_3-globalop-0 (0)
op_1141$.hpvm18.apache.install (1)
op_3-globalop-0 (0)
op_1032$.hpvm17.apache.set_server_name $.target=hpvm20.diy.inf.ed.ac.uk (1)
op_3-globalop-0 (0)
op_1064$.hpvm17.apache.set_port $.target=80 (1)
op_3-globalop-0 (0)
op_1162$.hpvm18.apache.set_server_name $.target=hpvm20.diy.inf.ed.ac.uk (1)
op_3-globalop-0 (0)
op_1194$.hpvm18.apache.install_php_module (1)
op_3-globalop-0 (0)
op_1035$.hpvm17.apache.install_php_module (1)
op_3-globalop-0 (0)
op_1034$.hpvm17.apache.install_php_mysql_module (1)
op_3-globalop-0 (0)
op_977$.hpvm17.tikiweb.install (1)
op_3-globalop-0 (0)
op_1038$.hpvm17.apache.start (1)
op_2-globalop-0 (0)
op_1184$.hpvm18.apache.install_php_mysql_module (1)
op_2-globalop-0 (0)
op_1670$.hpvm18.tikiweb.install (1)
op_2-globalop-0 (0)
op_1143$.hpvm18.apache.start (1)
op_2-globalop-0 (0)
op_1801$.hpvm20.apachelb.start (1)
op_2-globalop-0 (0)
Plan length: 53 step(s).
Plan cost: 26
Initial state h value: 26.
Expanded 157525 state(s).
Reopened 256 state(s).
Evaluated 10205230 state(s).
Evaluations: 10205230
Generated 120662466 state(s).
Dead ends: 71994 state(s).
Expanded until last jump: 0 state(s).
Reopened until last jump: 0 state(s).
Evaluated until last jump: 1 state(s).
Generated until last jump: 0 state(s).
Search space hash size: 10205230
Search space hash bucket count: 12582917
Search time: 3915.74s
Total time: 3915.78s
Peak memory: 3215268 KB
{
  "type": "sequential",
  "workflow": [
    {
      "name": "$.hpvm16.mysql.install",
      "parameters": {
      },
      "condition": {
      },
      "effect": {
        "$.hpvm16.mysql.installed": true
      }
    },
    {
      "name": "$.hpvm16.mysql.start",
      "parameters": {
      },
      "condition": {
        "$.hpvm16.mysql.installed": true
      },
      "effect": {
        "$.hpvm16.mysql.running": true
      }
    },
    {
      "name": "$.hpvm16.tikidb.set_database",
      "parameters": {
        "$.db": "$.hpvm16.mysql"
      },
      "condition": {
        "$.hpvm16.tikidb.installed": false
      },
      "effect": {
        "$.hpvm16.tikidb.database": "$.hpvm16.mysql"
      }
    },
    {
      "name": "$.hpvm16.mysql.set_root_password",
      "parameters": {
        "$.passwd": "root"
      },
      "condition": {
        "$.hpvm16.mysql.running": true
      },
      "effect": {
        "$.hpvm16.mysql.root_password": "root"
      }
    },
    {
      "name": "$.hpvm16.tikidb.set_account",
      "parameters": {
        "$.user": "tiki",
        "$.passwd": "tiki"
      },
      "condition": {
        "$.hpvm16.tikidb.installed": false
      },
      "effect": {
        "$.hpvm16.tikidb.db_user": "tiki",
        "$.hpvm16.tikidb.db_password": "tiki"
      }
    },
    {
      "name": "$.hpvm16.tikidb.install",
      "parameters": {
      },
      "condition": {
        "$.hpvm16.tikidb.database": "$.hpvm16.mysql",
        "$.hpvm16.mysql.running": true
      },
      "effect": {
        "$.hpvm16.tikidb.installed": true
      }
    },
    {
      "name": "$.hpvm16.tikidb.set_tikiweb",
      "parameters": {
        "$.webs": [
          "$.hpvm17.tikiweb"
        ]
      },
      "condition": {
        "$.hpvm16.tikidb.installed": true
      },
      "effect": {
        "$.hpvm16.tikidb.tikiweb": [
          "$.hpvm17.tikiweb"
        ]
      }
    },
    {
      "name": "$.hpvm18.tikiweb.set_database",
      "parameters": {
        "$.db": "$.hpvm16.tikidb"
      },
      "condition": {
        "$.hpvm18.tikiweb.installed": false
      },
      "effect": {
        "$.hpvm18.tikiweb.database": "$.hpvm16.tikidb"
      }
    },
    {
      "name": "$.hpvm18.tikiweb.set_webserver",
      "parameters": {
        "$.ws": "$.hpvm18.apache"
      },
      "condition": {
        "$.hpvm18.tikiweb.installed": false
      },
      "effect": {
        "$.hpvm18.tikiweb.webserver": "$.hpvm18.apache"
      }
    },
    {
      "name": "$.hpvm20.apachelb.install",
      "parameters": {
      },
      "condition": {
      },
      "effect": {
        "$.hpvm20.apachelb.installed": true
      }
    },
    {
      "name": "$.hpvm20.apachelb.set_members",
      "parameters": {
        "$.members": [
          "http://hpvm17.diy.inf.ed.ac.uk",
          "http://hpvm18.diy.inf.ed.ac.uk"
        ]
      },
      "condition": {
        "$.hpvm20.apachelb.running": false,
        "$.hpvm20.apachelb.installed": true
      },
      "effect": {
        "$.hpvm20.apachelb.members": [
          "http://hpvm17.diy.inf.ed.ac.uk",
          "http://hpvm18.diy.inf.ed.ac.uk"
        ]
      }
    },
    {
      "name": "$.hpvm20.apachelb.set_server_name",
      "parameters": {
        "$.name": "hpvm20.diy.inf.ed.ac.uk"
      },
      "condition": {
        "$.hpvm20.apachelb.running": false,
        "$.hpvm20.apachelb.installed": true
      },
      "effect": {
        "$.hpvm20.apachelb.server_name": "hpvm20.diy.inf.ed.ac.uk"
      }
    },
    {
      "name": "$.hpvm17.apache.install",
      "parameters": {
      },
      "condition": {
      },
      "effect": {
        "$.hpvm17.apache.installed": true
      }
    },
    {
      "name": "$.hpvm18.apache.install",
      "parameters": {
      },
      "condition": {
      },
      "effect": {
        "$.hpvm18.apache.installed": true
      }
    },
    {
      "name": "$.hpvm17.apache.set_server_name",
      "parameters": {
        "$.target": "hpvm20.diy.inf.ed.ac.uk"
      },
      "condition": {
        "$.hpvm17.apache.installed": true,
        "$.hpvm17.apache.running": false
      },
      "effect": {
        "$.hpvm17.apache.server_name": "hpvm20.diy.inf.ed.ac.uk"
      }
    },
    {
      "name": "$.hpvm17.apache.set_port",
      "parameters": {
        "$.target": 80
      },
      "condition": {
        "$.hpvm17.apache.installed": true,
        "$.hpvm17.apache.running": false
      },
      "effect": {
        "$.hpvm17.apache.port": 80
      }
    },
    {
      "name": "$.hpvm18.apache.set_server_name",
      "parameters": {
        "$.target": "hpvm20.diy.inf.ed.ac.uk"
      },
      "condition": {
        "$.hpvm18.apache.installed": true,
        "$.hpvm18.apache.running": false
      },
      "effect": {
        "$.hpvm18.apache.server_name": "hpvm20.diy.inf.ed.ac.uk"
      }
    },
    {
      "name": "$.hpvm18.apache.install_php_module",
      "parameters": {
      },
      "condition": {
        "$.hpvm18.apache.running": false,
        "$.hpvm18.apache.installed": true
      },
      "effect": {
        "$.hpvm18.apache.php_module": true
      }
    },
    {
      "name": "$.hpvm17.apache.install_php_module",
      "parameters": {
      },
      "condition": {
        "$.hpvm17.apache.installed": true,
        "$.hpvm17.apache.running": false
      },
      "effect": {
        "$.hpvm17.apache.php_module": true
      }
    },
    {
      "name": "$.hpvm17.apache.install_php_mysql_module",
      "parameters": {
      },
      "condition": {
        "$.hpvm17.apache.installed": true,
        "$.hpvm17.apache.running": false,
        "$.hpvm17.apache.php_module": true
      },
      "effect": {
        "$.hpvm17.apache.php_mysql_module": true
      }
    },
    {
      "name": "$.hpvm17.tikiweb.install",
      "parameters": {
      },
      "condition": {
        "$.hpvm17.tikiweb.database": "$.hpvm16.tikidb",
        "$.hpvm16.tikidb.installed": true,
        "$.hpvm17.tikiweb.webserver": "$.hpvm17.apache",
        "$.hpvm17.apache.php_mysql_module": true,
        "$.hpvm17.apache.php_module": true,
        "$.hpvm17.apache.running": false,
        "$.hpvm17.apache.installed": true
      },
      "effect": {
        "$.hpvm17.tikiweb.installed": true
      }
    },
    {
      "name": "$.hpvm17.apache.start",
      "parameters": {
      },
      "condition": {
        "$.hpvm17.apache.installed": true
      },
      "effect": {
        "$.hpvm17.apache.running": true
      }
    },
    {
      "name": "$.hpvm18.apache.install_php_mysql_module",
      "parameters": {
      },
      "condition": {
        "$.hpvm18.apache.php_module": true,
        "$.hpvm18.apache.running": false,
        "$.hpvm18.apache.installed": true
      },
      "effect": {
        "$.hpvm18.apache.php_mysql_module": true
      }
    },
    {
      "name": "$.hpvm18.tikiweb.install",
      "parameters": {
      },
      "condition": {
        "$.hpvm18.tikiweb.webserver": "$.hpvm18.apache",
        "$.hpvm18.apache.running": false,
        "$.hpvm18.apache.php_mysql_module": true,
        "$.hpvm18.apache.php_module": true,
        "$.hpvm18.apache.installed": true,
        "$.hpvm18.tikiweb.database": "$.hpvm16.tikidb",
        "$.hpvm16.tikidb.installed": true
      },
      "effect": {
        "$.hpvm18.tikiweb.installed": true
      }
    },
    {
      "name": "$.hpvm18.apache.start",
      "parameters": {
      },
      "condition": {
        "$.hpvm18.apache.installed": true
      },
      "effect": {
        "$.hpvm18.apache.running": true
      }
    },
    {
      "name": "$.hpvm20.apachelb.start",
      "parameters": {
      },
      "condition": {
        "$.hpvm20.apachelb.installed": true
      },
      "effect": {
        "$.hpvm20.apachelb.running": true
      }
    }
  ],
  "version": "1",
  "total": 26
}
exec: $.hpvm16.mysql.install......OK
exec: $.hpvm16.mysql.start......OK
exec: $.hpvm16.tikidb.set_database......OK
exec: $.hpvm16.mysql.set_root_password......OK
exec: $.hpvm16.tikidb.set_account......OK
...OK
exec: $.hpvm16.tikidb.install......OK
exec: $.hpvm16.tikidb.set_tikiweb......OK
exec: $.hpvm18.tikiweb.set_database......OK
exec: $.hpvm18.tikiweb.set_webserver......OK
exec: $.hpvm20.apachelb.install......OK
exec: $.hpvm20.apachelb.set_members......OK
exec: $.hpvm20.apachelb.set_server_name......OK
exec: $.hpvm17.apache.install......OK
exec: $.hpvm18.apache.install......OK
exec: $.hpvm17.apache.set_server_name......OK
exec: $.hpvm17.apache.set_port......OK
exec: $.hpvm18.apache.set_server_name......OK
exec: $.hpvm18.apache.install_php_module......OK
exec: $.hpvm17.apache.install_php_module......OK
exec: $.hpvm17.apache.install_php_mysql_module......OK
exec: $.hpvm17.tikiweb.install......OK
exec: $.hpvm17.apache.start......OK
exec: $.hpvm18.apache.install_php_mysql_module......OK
exec: $.hpvm18.tikiweb.install......OK
exec: $.hpvm18.apache.start......OK
exec: $.hpvm20.apachelb.start......OK
Succeed: true
